nohup: ignoring input
2026-04-29 04:36:51,961 [INFO] __main__: 🚀 Starting Memecoin Briefing Bot...
2026-04-29 04:36:52,109 [INFO] telethon.crypto.aes: libssl detected, it will be used for encryption
2026-04-29 04:36:52,354 [INFO] src.mention_store: ✅ Loaded CA history: 474 CAs
2026-04-29 04:36:52,359 [INFO] telethon.network.mtprotosender: Connecting to 149.154.167.51:443/TcpFull...
2026-04-29 04:36:52,464 [WARNING] discord.client: PyNaCl is not installed, voice will NOT be supported.
2026-04-29 04:36:52,465 [INFO] discord.client: Logging in using static token.
2026-04-29 04:36:52,976 [INFO] telethon.network.mtprotosender: Connection to 149.154.167.51:443/TcpFull complete!
2026-04-29 04:36:52,995 [INFO] httpx: HTTP Request: POST https://api.telegram.org/bot8620569421:AAE0LUkJiI6nkQg7c2XOJ3ry_LaZxnP9e20/getMe "HTTP/1.1 200 OK"
2026-04-29 04:36:52,996 [INFO] telegram.ext.Application: Application started
2026-04-29 04:36:53,000 [INFO] httpx: HTTP Request: POST https://api.telegram.org/bot8620569421:AAE0LUkJiI6nkQg7c2XOJ3ry_LaZxnP9e20/deleteWebhook "HTTP/1.1 200 OK"
2026-04-29 04:36:53,002 [INFO] __main__: ✅ Telegram briefing bot started — send /briefing to get started
2026-04-29 04:36:53,026 [INFO] src.telegram_scraper: ✅ Telegram user account connected
2026-04-29 04:36:53,035 [INFO] src.telegram_scraper: 📡 Monitoring Telegram group: AlphaDAO
2026-04-29 04:36:53,043 [INFO] src.telegram_scraper: 📡 Monitoring Telegram group: the great locked in penis
2026-04-29 04:36:53,052 [INFO] src.telegram_scraper: 📡 Monitoring Telegram group: Fantom Troupe
2026-04-29 04:36:53,060 [INFO] src.telegram_scraper: 📡 Monitoring Telegram group: TikTokFNF
2026-04-29 04:36:53,069 [INFO] src.telegram_scraper: 📡 Monitoring Telegram group: Underground
2026-04-29 04:36:53,070 [INFO] src.telegram_scraper: 👂 Listening — instant CA pings enabled
2026-04-29 04:36:53,740 [INFO] discord.http: Found user agent Mozilla/5.0 (Windows NT 10.0; Win64; x64) AppleWebKit/537.36 (KHTML, like Gecko) Chrome/148.0.0.0 Safari/537.36, build number 536166.
2026-04-29 04:36:54,949 [INFO] discord.gateway: Connected to Gateway (Session ID: a5cec28a16f1f197028cee9d51c41bcb).
2026-04-29 04:36:55,143 [WARNING] discord.state: Member list scraping failed for 1178917113470136322 (Failed to automatically choose channels; please specify them manually).
2026-04-29 04:36:55,363 [INFO] src.discord_scraper: ✅ Discord self-bot connected as: hvny#0
2026-04-29 04:36:55,363 [INFO] src.discord_scraper: 📡 Monitoring 4 Discord channel(s)
2026-04-29 04:37:03,016 [INFO] httpx: HTTP Request: POST https://api.telegram.org/bot8620569421:AAE0LUkJiI6nkQg7c2XOJ3ry_LaZxnP9e20/getUpdates "HTTP/1.1 200 OK"
2026-04-29 04:37:08,742 [INFO] httpx: HTTP Request: POST https://api.telegram.org/bot8620569421:AAE0LUkJiI6nkQg7c2XOJ3ry_LaZxnP9e20/getUpdates "HTTP/1.1 200 OK"
2026-04-29 04:37:08,787 [INFO] httpx: HTTP Request: POST https://api.telegram.org/bot8620569421:AAE0LUkJiI6nkQg7c2XOJ3ry_LaZxnP9e20/sendMessage "HTTP/1.1 200 OK"
2026-04-29 04:37:08,839 [INFO] httpx: HTTP Request: POST https://api.telegram.org/bot8620569421:AAE0LUkJiI6nkQg7c2XOJ3ry_LaZxnP9e20/sendMessage "HTTP/1.1 200 OK"
2026-04-29 04:37:18,749 [INFO] httpx: HTTP Request: POST https://api.telegram.org/bot8620569421:AAE0LUkJiI6nkQg7c2XOJ3ry_LaZxnP9e20/getUpdates "HTTP/1.1 200 OK"
2026-04-29 04:37:28,754 [INFO] httpx: HTTP Request: POST https://api.telegram.org/bot8620569421:AAE0LUkJiI6nkQg7c2XOJ3ry_LaZxnP9e20/getUpdates "HTTP/1.1 200 OK"
2026-04-29 04:37:38,760 [INFO] httpx: HTTP Request: POST https://api.telegram.org/bot8620569421:AAE0LUkJiI6nkQg7c2XOJ3ry_LaZxnP9e20/getUpdates "HTTP/1.1 200 OK"
2026-04-29 04:37:48,764 [INFO] httpx: HTTP Request: POST https://api.telegram.org/bot8620569421:AAE0LUkJiI6nkQg7c2XOJ3ry_LaZxnP9e20/getUpdates "HTTP/1.1 200 OK"
2026-04-29 04:37:58,769 [INFO] httpx: HTTP Request: POST https://api.telegram.org/bot8620569421:AAE0LUkJiI6nkQg7c2XOJ3ry_LaZxnP9e20/getUpdates "HTTP/1.1 200 OK"
2026-04-29 04:38:08,775 [INFO] httpx: HTTP Request: POST https://api.telegram.org/bot8620569421:AAE0LUkJiI6nkQg7c2XOJ3ry_LaZxnP9e20/getUpdates "HTTP/1.1 200 OK"
2026-04-29 04:38:18,780 [INFO] httpx: HTTP Request: POST https://api.telegram.org/bot8620569421:AAE0LUkJiI6nkQg7c2XOJ3ry_LaZxnP9e20/getUpdates "HTTP/1.1 200 OK"
2026-04-29 04:38:28,786 [INFO] httpx: HTTP Request: POST https://api.telegram.org/bot8620569421:AAE0LUkJiI6nkQg7c2XOJ3ry_LaZxnP9e20/getUpdates "HTTP/1.1 200 OK"
2026-04-29 04:38:38,792 [INFO] httpx: HTTP Request: POST https://api.telegram.org/bot8620569421:AAE0LUkJiI6nkQg7c2XOJ3ry_LaZxnP9e20/getUpdates "HTTP/1.1 200 OK"
2026-04-29 04:38:48,798 [INFO] httpx: HTTP Request: POST https://api.telegram.org/bot8620569421:AAE0LUkJiI6nkQg7c2XOJ3ry_LaZxnP9e20/getUpdates "HTTP/1.1 200 OK"
2026-04-29 04:38:58,805 [INFO] httpx: HTTP Request: POST https://api.telegram.org/bot8620569421:AAE0LUkJiI6nkQg7c2XOJ3ry_LaZxnP9e20/getUpdates "HTTP/1.1 200 OK"
2026-04-29 04:39:08,810 [INFO] httpx: HTTP Request: POST https://api.telegram.org/bot8620569421:AAE0LUkJiI6nkQg7c2XOJ3ry_LaZxnP9e20/getUpdates "HTTP/1.1 200 OK"
2026-04-29 04:39:18,815 [INFO] httpx: HTTP Request: POST https://api.telegram.org/bot8620569421:AAE0LUkJiI6nkQg7c2XOJ3ry_LaZxnP9e20/getUpdates "HTTP/1.1 200 OK"
2026-04-29 04:39:28,822 [INFO] httpx: HTTP Request: POST https://api.telegram.org/bot8620569421:AAE0LUkJiI6nkQg7c2XOJ3ry_LaZxnP9e20/getUpdates "HTTP/1.1 200 OK"
2026-04-29 04:39:38,829 [INFO] httpx: HTTP Request: POST https://api.telegram.org/bot8620569421:AAE0LUkJiI6nkQg7c2XOJ3ry_LaZxnP9e20/getUpdates "HTTP/1.1 200 OK"
2026-04-29 04:39:48,833 [INFO] httpx: HTTP Request: POST https://api.telegram.org/bot8620569421:AAE0LUkJiI6nkQg7c2XOJ3ry_LaZxnP9e20/getUpdates "HTTP/1.1 200 OK"
2026-04-29 04:39:58,838 [INFO] httpx: HTTP Request: POST https://api.telegram.org/bot8620569421:AAE0LUkJiI6nkQg7c2XOJ3ry_LaZxnP9e20/getUpdates "HTTP/1.1 200 OK"
2026-04-29 04:40:08,843 [INFO] httpx: HTTP Request: POST https://api.telegram.org/bot8620569421:AAE0LUkJiI6nkQg7c2XOJ3ry_LaZxnP9e20/getUpdates "HTTP/1.1 200 OK"
2026-04-29 04:40:18,848 [INFO] httpx: HTTP Request: POST https://api.telegram.org/bot8620569421:AAE0LUkJiI6nkQg7c2XOJ3ry_LaZxnP9e20/getUpdates "HTTP/1.1 200 OK"
2026-04-29 04:40:28,853 [INFO] httpx: HTTP Request: POST https://api.telegram.org/bot8620569421:AAE0LUkJiI6nkQg7c2XOJ3ry_LaZxnP9e20/getUpdates "HTTP/1.1 200 OK"
2026-04-29 04:40:38,859 [INFO] httpx: HTTP Request: POST https://api.telegram.org/bot8620569421:AAE0LUkJiI6nkQg7c2XOJ3ry_LaZxnP9e20/getUpdates "HTTP/1.1 200 OK"
2026-04-29 04:40:48,865 [INFO] httpx: HTTP Request: POST https://api.telegram.org/bot8620569421:AAE0LUkJiI6nkQg7c2XOJ3ry_LaZxnP9e20/getUpdates "HTTP/1.1 200 OK"
2026-04-29 04:40:58,872 [INFO] httpx: HTTP Request: POST https://api.telegram.org/bot8620569421:AAE0LUkJiI6nkQg7c2XOJ3ry_LaZxnP9e20/getUpdates "HTTP/1.1 200 OK"
2026-04-29 04:41:08,876 [INFO] httpx: HTTP Request: POST https://api.telegram.org/bot8620569421:AAE0LUkJiI6nkQg7c2XOJ3ry_LaZxnP9e20/getUpdates "HTTP/1.1 200 OK"
2026-04-29 04:41:18,882 [INFO] httpx: HTTP Request: POST https://api.telegram.org/bot8620569421:AAE0LUkJiI6nkQg7c2XOJ3ry_LaZxnP9e20/getUpdates "HTTP/1.1 200 OK"
2026-04-29 04:41:28,887 [INFO] httpx: HTTP Request: POST https://api.telegram.org/bot8620569421:AAE0LUkJiI6nkQg7c2XOJ3ry_LaZxnP9e20/getUpdates "HTTP/1.1 200 OK"
2026-04-29 04:41:38,893 [INFO] httpx: HTTP Request: POST https://api.telegram.org/bot8620569421:AAE0LUkJiI6nkQg7c2XOJ3ry_LaZxnP9e20/getUpdates "HTTP/1.1 200 OK"
2026-04-29 04:41:48,898 [INFO] httpx: HTTP Request: POST https://api.telegram.org/bot8620569421:AAE0LUkJiI6nkQg7c2XOJ3ry_LaZxnP9e20/getUpdates "HTTP/1.1 200 OK"
2026-04-29 04:41:58,904 [INFO] httpx: HTTP Request: POST https://api.telegram.org/bot8620569421:AAE0LUkJiI6nkQg7c2XOJ3ry_LaZxnP9e20/getUpdates "HTTP/1.1 200 OK"
2026-04-29 04:42:08,909 [INFO] httpx: HTTP Request: POST https://api.telegram.org/bot8620569421:AAE0LUkJiI6nkQg7c2XOJ3ry_LaZxnP9e20/getUpdates "HTTP/1.1 200 OK"
P9e20/getUpdates "HTTP/1.1 200 OK"
2026-04-29 04:42:08,909 [INFO] httpx: HTTP Request: POST https://api.telegram.org/bot8620569421:AAE0LUkJiI6nkQg7c2XOJ3ry_LaZxnP9e20/getUpdates "HTTP/1.1 200 OK"
